2026-04-23 23:57:32,578 - __main__ - INFO - ============================================================
2026-04-23 23:57:32,578 - __main__ - INFO - GNR Geospatial Stitching Pipeline Starting
2026-04-23 23:57:32,578 - __main__ - INFO - ============================================================
2026-04-23 23:57:32,578 - __main__ - INFO - Loading test data...
2026-04-23 23:57:32,578 - __main__ - INFO - Loaded 3 questions and 225 patches
2026-04-23 23:57:32,578 - __main__ - INFO - Running stitching engine...
2026-04-23 23:57:32,587 - src.stitching - INFO - Extracting features from patches...
2026-04-23 23:57:32,592 - src.stitching - INFO - Matching patches...
2026-04-23 23:57:41,224 - src.stitching - DEBUG - Match found: 1 <-> 6 (score=0.949)
2026-04-23 23:57:45,559 - src.stitching - DEBUG - Match found: 1 <-> 145 (score=0.997)
2026-04-23 23:57:45,971 - src.stitching - DEBUG - Match found: 1 <-> 159 (score=0.999)
2026-04-23 23:57:55,515 - src.stitching - DEBUG - Match found: 3 <-> 14 (score=0.815)
2026-04-23 23:57:55,597 - src.stitching - DEBUG - Match found: 3 <-> 16 (score=0.959)
2026-04-23 23:58:00,612 - src.stitching - DEBUG - Match found: 3 <-> 182 (score=0.994)
2026-04-23 23:58:00,962 - src.stitching - DEBUG - Match found: 3 <-> 194 (score=0.970)
2026-04-23 23:58:01,639 - src.stitching - DEBUG - Match found: 3 <-> 218 (score=0.997)
2026-04-23 23:58:03,895 - src.stitching - DEBUG - Match found: 4 <-> 79 (score=1.000)
2026-04-23 23:58:07,234 - src.stitching - DEBUG - Match found: 4 <-> 197 (score=0.999)
2026-04-23 23:58:11,798 - src.stitching - DEBUG - Match found: 5 <-> 138 (score=1.000)
2026-04-23 23:58:16,208 - src.stitching - DEBUG - Match found: 6 <-> 72 (score=0.926)
2026-04-23 23:58:20,197 - src.stitching - DEBUG - Match found: 6 <-> 211 (score=0.998)
2026-04-23 23:58:23,617 - src.stitching - DEBUG - Match found: 7 <-> 111 (score=0.990)
2026-04-23 23:58:25,041 - src.stitching - DEBUG - Match found: 7 <-> 158 (score=0.941)
2026-04-23 23:58:26,150 - src.stitching - DEBUG - Match found: 7 <-> 197 (score=0.552)
2026-04-23 23:58:28,992 - src.stitching - DEBUG - Match found: 8 <-> 74 (score=0.999)
2026-04-23 23:58:29,099 - src.stitching - DEBUG - Match found: 8 <-> 77 (score=0.998)
2026-04-23 23:58:29,611 - src.stitching - DEBUG - Match found: 8 <-> 95 (score=0.641)
2026-04-23 23:58:29,842 - src.stitching - DEBUG - Match found: 8 <-> 102 (score=0.950)
2026-04-23 23:58:35,734 - src.stitching - DEBUG - Match found: 9 <-> 82 (score=0.950)
2026-04-23 23:58:38,258 - src.stitching - DEBUG - Match found: 9 <-> 163 (score=0.999)
2026-04-23 23:58:38,465 - src.stitching - DEBUG - Match found: 9 <-> 170 (score=1.000)
2026-04-23 23:58:40,321 - src.stitching - DEBUG - Match found: 10 <-> 15 (score=0.756)
2026-04-23 23:58:43,212 - src.stitching - DEBUG - Match found: 10 <-> 106 (score=0.635)
2026-04-23 23:58:45,853 - src.stitching - DEBUG - Match found: 10 <-> 175 (score=0.990)
2026-04-23 23:58:47,607 - src.stitching - DEBUG - Match found: 10 <-> 223 (score=0.864)
2026-04-23 23:58:50,884 - src.stitching - DEBUG - Match found: 11 <-> 90 (score=0.815)
2026-04-23 23:58:54,388 - src.stitching - DEBUG - Match found: 11 <-> 181 (score=0.891)
2026-04-23 23:58:59,173 - src.stitching - DEBUG - Match found: 12 <-> 97 (score=0.999)
2026-04-23 23:58:59,586 - src.stitching - DEBUG - Match found: 12 <-> 105 (score=0.949)
2026-04-23 23:59:01,173 - src.stitching - DEBUG - Match found: 12 <-> 139 (score=1.000)
2026-04-23 23:59:02,297 - src.stitching - DEBUG - Match found: 12 <-> 168 (score=0.995)
2026-04-23 23:59:02,546 - src.stitching - DEBUG - Match found: 12 <-> 174 (score=0.979)
2026-04-23 23:59:02,660 - src.stitching - DEBUG - Match found: 12 <-> 176 (score=0.705)
2026-04-23 23:59:03,679 - src.stitching - DEBUG - Match found: 12 <-> 200 (score=0.996)
2026-04-23 23:59:04,866 - src.stitching - DEBUG - Match found: 13 <-> 22 (score=0.914)
2026-04-23 23:59:07,538 - src.stitching - DEBUG - Match found: 13 <-> 92 (score=0.842)
2026-04-23 23:59:07,949 - src.stitching - DEBUG - Match found: 13 <-> 101 (score=0.920)
2026-04-23 23:59:10,121 - src.stitching - DEBUG - Match found: 13 <-> 160 (score=0.952)
2026-04-23 23:59:11,254 - src.stitching - DEBUG - Match found: 13 <-> 187 (score=0.658)
2026-04-23 23:59:14,166 - src.stitching - DEBUG - Match found: 14 <-> 60 (score=0.997)
2026-04-23 23:59:18,303 - src.stitching - DEBUG - Match found: 14 <-> 182 (score=0.999)
2026-04-23 23:59:18,484 - src.stitching - DEBUG - Match found: 14 <-> 188 (score=0.996)
2026-04-23 23:59:18,679 - src.stitching - DEBUG - Match found: 14 <-> 194 (score=0.995)
2026-04-23 23:59:19,547 - src.stitching - DEBUG - Match found: 14 <-> 220 (score=0.863)
2026-04-23 23:59:20,520 - src.stitching - DEBUG - Match found: 15 <-> 38 (score=0.767)
2026-04-23 23:59:20,769 - src.stitching - DEBUG - Match found: 15 <-> 46 (score=0.905)
2026-04-23 23:59:21,040 - src.stitching - DEBUG - Match found: 15 <-> 55 (score=0.700)
2026-04-23 23:59:21,659 - src.stitching - DEBUG - Match found: 15 <-> 76 (score=0.805)
2026-04-23 23:59:24,728 - src.stitching - DEBUG - Match found: 15 <-> 179 (score=0.800)
2026-04-23 23:59:28,576 - src.stitching - DEBUG - Match found: 16 <-> 91 (score=0.994)
2026-04-23 23:59:29,395 - src.stitching - DEBUG - Match found: 16 <-> 111 (score=0.963)
2026-04-23 23:59:35,371 - src.stitching - DEBUG - Match found: 17 <-> 96 (score=0.999)
2026-04-23 23:59:36,841 - src.stitching - DEBUG - Match found: 17 <-> 141 (score=0.999)
2026-04-23 23:59:37,090 - src.stitching - DEBUG - Match found: 17 <-> 150 (score=0.900)
2026-04-23 23:59:37,649 - src.stitching - DEBUG - Match found: 17 <-> 168 (score=0.514)
2026-04-23 23:59:37,966 - src.stitching - DEBUG - Match found: 17 <-> 178 (score=0.932)
2026-04-23 23:59:38,598 - src.stitching - DEBUG - Match found: 17 <-> 196 (score=0.968)
2026-04-23 23:59:39,519 - src.stitching - DEBUG - Match found: 18 <-> 19 (score=0.964)
2026-04-23 23:59:42,738 - src.stitching - DEBUG - Match found: 18 <-> 116 (score=0.863)
2026-04-23 23:59:45,951 - src.stitching - DEBUG - Match found: 18 <-> 199 (score=0.997)
2026-04-23 23:59:48,729 - src.stitching - DEBUG - Match found: 19 <-> 69 (score=0.962)
2026-04-23 23:59:49,359 - src.stitching - DEBUG - Match found: 19 <-> 86 (score=0.994)
2026-04-23 23:59:53,785 - src.stitching - DEBUG - Match found: 19 <-> 210 (score=0.916)
2026-04-23 23:59:56,214 - src.stitching - DEBUG - Match found: 20 <-> 66 (score=0.927)
2026-04-23 23:59:59,082 - src.stitching - DEBUG - Match found: 20 <-> 157 (score=0.933)
2026-04-23 23:59:59,762 - src.stitching - DEBUG - Match found: 20 <-> 180 (score=0.962)
2026-04-24 00:00:02,037 - src.stitching - DEBUG - Match found: 21 <-> 34 (score=0.950)
2026-04-24 00:00:02,978 - src.stitching - DEBUG - Match found: 21 <-> 56 (score=0.966)
2026-04-24 00:00:03,174 - src.stitching - DEBUG - Match found: 21 <-> 61 (score=0.812)
2026-04-24 00:00:05,218 - src.stitching - DEBUG - Match found: 21 <-> 108 (score=0.868)
2026-04-24 00:00:08,095 - src.stitching - DEBUG - Match found: 21 <-> 169 (score=0.865)
2026-04-24 00:00:11,665 - src.stitching - DEBUG - Match found: 22 <-> 47 (score=0.994)
2026-04-24 00:00:15,075 - src.stitching - DEBUG - Match found: 22 <-> 123 (score=0.906)
2026-04-24 00:00:19,797 - src.stitching - DEBUG - Match found: 23 <-> 45 (score=0.967)
2026-04-24 00:00:21,116 - src.stitching - DEBUG - Match found: 23 <-> 84 (score=0.930)
2026-04-24 00:00:23,749 - src.stitching - DEBUG - Match found: 23 <-> 149 (score=0.962)
2026-04-24 00:00:27,292 - src.stitching - DEBUG - Match found: 24 <-> 36 (score=0.857)
2026-04-24 00:00:28,011 - src.stitching - DEBUG - Match found: 24 <-> 53 (score=0.955)
2026-04-24 00:00:29,843 - src.stitching - DEBUG - Match found: 24 <-> 94 (score=0.907)
2026-04-24 00:00:30,349 - src.stitching - DEBUG - Match found: 24 <-> 103 (score=0.981)
2026-04-24 00:00:35,149 - src.stitching - DEBUG - Match found: 24 <-> 164 (score=0.979)
2026-04-24 00:00:35,530 - src.stitching - DEBUG - Match found: 24 <-> 170 (score=1.000)
2026-04-24 00:00:36,161 - src.stitching - DEBUG - Match found: 24 <-> 180 (score=0.921)
2026-04-24 00:00:40,785 - src.stitching - DEBUG - Match found: 25 <-> 59 (score=0.999)
2026-04-24 00:00:41,099 - src.stitching - DEBUG - Match found: 25 <-> 64 (score=0.909)
2026-04-24 00:00:41,644 - src.stitching - DEBUG - Match found: 25 <-> 73 (score=0.998)
2026-04-24 00:00:44,651 - src.stitching - DEBUG - Match found: 25 <-> 130 (score=1.000)
2026-04-24 00:00:47,649 - src.stitching - DEBUG - Match found: 25 <-> 193 (score=0.999)
